<?xml version="1.0" encoding="UTF-8"?>
<testng-results ignored="0" total="2" passed="2" failed="0" skipped="0">
  <reporter-output>
  </reporter-output>
  <suite started-at="2023-04-20T18:52:57 GMT-05:00" name="Surefire suite" finished-at="2023-04-20T18:52:57 GMT-05:00" duration-ms="38">
    <groups>
    </groups>
    <test started-at="2023-04-20T18:52:57 GMT-05:00" name="Surefire test" finished-at="2023-04-20T18:52:57 GMT-05:00" duration-ms="38">
      <class name="MavenProject.MavenJava.TestPrint">
        <test-method signature="Print()[pri:0, instance:MavenProject.MavenJava.TestPrint@5aebe890]" started-at="2023-04-20T18:52:57 GMT-05:00" name="Print" finished-at="2023-04-20T18:52:57 GMT-05:00" duration-ms="4" status="PASS">
          <reporter-output>
          </reporter-output>
        </test-method> <!-- Print -->
        <test-method signature="Printnew()[pri:0, instance:MavenProject.MavenJava.TestPrint@5aebe890]" started-at="2023-04-20T18:52:57 GMT-05:00" name="Printnew" finished-at="2023-04-20T18:52:57 GMT-05:00" duration-ms="0" status="PASS">
          <reporter-output>
          </reporter-output>
        </test-method> <!-- Printnew -->
      </class> <!-- MavenProject.MavenJava.TestPrint -->
    </test> <!-- Surefire test -->
  </suite> <!-- Surefire suite -->
</testng-results>
